This file contains any messages produced by compilers while
running configure, to aid debugging if configure makes a mistake.

It was created by VOA configure 0.1, which was
generated by GNU Autoconf 2.69.  Invocation command line was

  $ ./configure 

## --------- ##
## Platform. ##
## --------- ##

hostname = VPC02
uname -m = x86_64
uname -r = 3.10.0-693.el7.x86_64
uname -s = Linux
uname -v = #1 SMP Tue Aug 22 21:09:27 UTC 2017

/usr/bin/uname -p = x86_64
/bin/uname -X     = unknown

/bin/arch              = x86_64
/usr/bin/arch -k       = unknown
/usr/convex/getsysinfo = unknown
/usr/bin/hostinfo      = unknown
/bin/machine           = unknown
/usr/bin/oslevel       = unknown
/bin/universe          = unknown

PATH: /usr/local/bin
PATH: /usr/local/sbin
PATH: /usr/bin
PATH: /usr/sbin
PATH: /bin
PATH: /sbin
PATH: /home/andytao/.local/bin
PATH: /home/andytao/bin


## ----------- ##
## Core tests. ##
## ----------- ##

configure:2113: checking for a BSD-compatible install
configure:2181: result: /usr/bin/install -c
configure:2192: checking whether build environment is sane
configure:2247: result: yes
configure:2398: checking for a thread-safe mkdir -p
configure:2437: result: /usr/bin/mkdir -p
configure:2444: checking for gawk
configure:2460: found /usr/bin/gawk
configure:2471: result: gawk
configure:2482: checking whether make sets $(MAKE)
configure:2504: result: yes
configure:2533: checking whether make supports nested variables
configure:2550: result: yes
configure:2699: checking for g++
configure:2715: found /usr/bin/g++
configure:2726: result: g++
configure:2753: checking for C++ compiler version
configure:2762: g++ --version >&5
g++ (GCC) 4.8.5 20150623 (Red Hat 4.8.5-16)
Copyright (C) 2015 Free Software Foundation, Inc.
This is free software; see the source for copying conditions.  There is NO
warranty; not even for MERCHANTABILITY or FITNESS FOR A PARTICULAR PURPOSE.

configure:2773: $? = 0
configure:2762: g++ -v >&5
Using built-in specs.
COLLECT_GCC=g++
COLLECT_LTO_WRAPPER=/usr/libexec/gcc/x86_64-redhat-linux/4.8.5/lto-wrapper
Target: x86_64-redhat-linux
Configured with: ../configure --prefix=/usr --mandir=/usr/share/man --infodir=/usr/share/info --with-bugurl=http://bugzilla.redhat.com/bugzilla --enable-bootstrap --enable-shared --enable-threads=posix --enable-checking=release --with-system-zlib --enable-__cxa_atexit --disable-libunwind-exceptions --enable-gnu-unique-object --enable-linker-build-id --with-linker-hash-style=gnu --enable-languages=c,c++,objc,obj-c++,java,fortran,ada,go,lto --enable-plugin --enable-initfini-array --disable-libgcj --with-isl=/builddir/build/BUILD/gcc-4.8.5-20150702/obj-x86_64-redhat-linux/isl-install --with-cloog=/builddir/build/BUILD/gcc-4.8.5-20150702/obj-x86_64-redhat-linux/cloog-install --enable-gnu-indirect-function --with-tune=generic --with-arch_32=x86-64 --build=x86_64-redhat-linux
Thread model: posix
gcc version 4.8.5 20150623 (Red Hat 4.8.5-16) (GCC) 
configure:2773: $? = 0
configure:2762: g++ -V >&5
g++: error: unrecognized command line option '-V'
g++: fatal error: no input files
compilation terminated.
configure:2773: $? = 4
configure:2762: g++ -qversion >&5
g++: error: unrecognized command line option '-qversion'
g++: fatal error: no input files
compilation terminated.
configure:2773: $? = 4
configure:2793: checking whether the C++ compiler works
configure:2815: g++    conftest.cpp  >&5
configure:2819: $? = 0
configure:2867: result: yes
configure:2870: checking for C++ compiler default output file name
configure:2872: result: a.out
configure:2878: checking for suffix of executables
configure:2885: g++ -o conftest    conftest.cpp  >&5
configure:2889: $? = 0
configure:2911: result: 
configure:2933: checking whether we are cross compiling
configure:2941: g++ -o conftest    conftest.cpp  >&5
configure:2945: $? = 0
configure:2952: ./conftest
configure:2956: $? = 0
configure:2971: result: no
configure:2976: checking for suffix of object files
configure:2998: g++ -c   conftest.cpp >&5
configure:3002: $? = 0
configure:3023: result: o
configure:3027: checking whether we are using the GNU C++ compiler
configure:3046: g++ -c   conftest.cpp >&5
configure:3046: $? = 0
configure:3055: result: yes
configure:3064: checking whether g++ accepts -g
configure:3084: g++ -c -g  conftest.cpp >&5
configure:3084: $? = 0
configure:3125: result: yes
configure:3159: checking for style of include used by make
configure:3187: result: GNU
configure:3213: checking dependency style of g++
configure:3324: result: gcc3
configure:3387: checking for gcc
configure:3403: found /usr/bin/gcc
configure:3414: result: gcc
configure:3643: checking for C compiler version
configure:3652: gcc --version >&5
gcc (GCC) 4.8.5 20150623 (Red Hat 4.8.5-16)
Copyright (C) 2015 Free Software Foundation, Inc.
This is free software; see the source for copying conditions.  There is NO
warranty; not even for MERCHANTABILITY or FITNESS FOR A PARTICULAR PURPOSE.

configure:3663: $? = 0
configure:3652: gcc -v >&5
Using built-in specs.
COLLECT_GCC=gcc
COLLECT_LTO_WRAPPER=/usr/libexec/gcc/x86_64-redhat-linux/4.8.5/lto-wrapper
Target: x86_64-redhat-linux
Configured with: ../configure --prefix=/usr --mandir=/usr/share/man --infodir=/usr/share/info --with-bugurl=http://bugzilla.redhat.com/bugzilla --enable-bootstrap --enable-shared --enable-threads=posix --enable-checking=release --with-system-zlib --enable-__cxa_atexit --disable-libunwind-exceptions --enable-gnu-unique-object --enable-linker-build-id --with-linker-hash-style=gnu --enable-languages=c,c++,objc,obj-c++,java,fortran,ada,go,lto --enable-plugin --enable-initfini-array --disable-libgcj --with-isl=/builddir/build/BUILD/gcc-4.8.5-20150702/obj-x86_64-redhat-linux/isl-install --with-cloog=/builddir/build/BUILD/gcc-4.8.5-20150702/obj-x86_64-redhat-linux/cloog-install --enable-gnu-indirect-function --with-tune=generic --with-arch_32=x86-64 --build=x86_64-redhat-linux
Thread model: posix
gcc version 4.8.5 20150623 (Red Hat 4.8.5-16) (GCC) 
configure:3663: $? = 0
configure:3652: gcc -V >&5
gcc: error: unrecognized command line option '-V'
gcc: fatal error: no input files
compilation terminated.
configure:3663: $? = 4
configure:3652: gcc -qversion >&5
gcc: error: unrecognized command line option '-qversion'
gcc: fatal error: no input files
compilation terminated.
configure:3663: $? = 4
configure:3667: checking whether we are using the GNU C compiler
configure:3686: gcc -c   conftest.c >&5
configure:3686: $? = 0
configure:3695: result: yes
configure:3704: checking whether gcc accepts -g
configure:3724: gcc -c -g  conftest.c >&5
configure:3724: $? = 0
configure:3765: result: yes
configure:3782: checking for gcc option to accept ISO C89
configure:3845: gcc  -c -g -O2  conftest.c >&5
configure:3845: $? = 0
configure:3858: result: none needed
configure:3880: checking dependency style of gcc
configure:3991: result: gcc3
configure:4062: checking for pkg-config
configure:4080: found /usr/bin/pkg-config
configure:4092: result: /usr/bin/pkg-config
configure:4117: checking pkg-config is at least version 0.9.0
configure:4120: result: yes
configure:4130: checking for libcurl
configure:4137: $PKG_CONFIG --exists --print-errors "libcurl >= 7.0.0"
configure:4140: $? = 0
configure:4154: $PKG_CONFIG --exists --print-errors "libcurl >= 7.0.0"
configure:4157: $? = 0
configure:4215: result: yes
configure:4221: checking for gumbo
configure:4228: $PKG_CONFIG --exists --print-errors "gumbo >= 0.10.1"
configure:4231: $? = 0
configure:4245: $PKG_CONFIG --exists --print-errors "gumbo >= 0.10.1"
configure:4248: $? = 0
configure:4306: result: yes
configure:4322: checking how to run the C preprocessor
configure:4353: gcc -E  conftest.c
configure:4353: $? = 0
configure:4367: gcc -E  conftest.c
conftest.c:11:28: fatal error: ac_nonexistent.h: No such file or directory
 #include <ac_nonexistent.h>
                            ^
compilation terminated.
configure:4367: $? = 1
configure: failed program was:
| /* confdefs.h */
| #define PACKAGE_NAME "VOA"
| #define PACKAGE_TARNAME "voa"
| #define PACKAGE_VERSION "0.1"
| #define PACKAGE_STRING "VOA 0.1"
| #define PACKAGE_BUGREPORT "andytao@tencent.com"
| #define PACKAGE_URL ""
| #define PACKAGE "voa"
| #define VERSION "0.1"
| /* end confdefs.h.  */
| #include <ac_nonexistent.h>
configure:4392: result: gcc -E
configure:4412: gcc -E  conftest.c
configure:4412: $? = 0
configure:4426: gcc -E  conftest.c
conftest.c:11:28: fatal error: ac_nonexistent.h: No such file or directory
 #include <ac_nonexistent.h>
                            ^
compilation terminated.
configure:4426: $? = 1
configure: failed program was:
| /* confdefs.h */
| #define PACKAGE_NAME "VOA"
| #define PACKAGE_TARNAME "voa"
| #define PACKAGE_VERSION "0.1"
| #define PACKAGE_STRING "VOA 0.1"
| #define PACKAGE_BUGREPORT "andytao@tencent.com"
| #define PACKAGE_URL ""
| #define PACKAGE "voa"
| #define VERSION "0.1"
| /* end confdefs.h.  */
| #include <ac_nonexistent.h>
configure:4455: checking for grep that handles long lines and -e
configure:4513: result: /usr/bin/grep
configure:4518: checking for egrep
configure:4580: result: /usr/bin/grep -E
configure:4585: checking for ANSI C header files
configure:4605: gcc -c -g -O2  conftest.c >&5
configure:4605: $? = 0
configure:4678: gcc -o conftest -g -O2   conftest.c  >&5
configure:4678: $? = 0
configure:4678: ./conftest
configure:4678: $? = 0
configure:4689: result: yes
configure:4702: checking for sys/types.h
configure:4702: gcc -c -g -O2  conftest.c >&5
configure:4702: $? = 0
configure:4702: result: yes
configure:4702: checking for sys/stat.h
configure:4702: gcc -c -g -O2  conftest.c >&5
configure:4702: $? = 0
configure:4702: result: yes
configure:4702: checking for stdlib.h
configure:4702: gcc -c -g -O2  conftest.c >&5
configure:4702: $? = 0
configure:4702: result: yes
configure:4702: checking for string.h
configure:4702: gcc -c -g -O2  conftest.c >&5
configure:4702: $? = 0
configure:4702: result: yes
configure:4702: checking for memory.h
configure:4702: gcc -c -g -O2  conftest.c >&5
configure:4702: $? = 0
configure:4702: result: yes
configure:4702: checking for strings.h
configure:4702: gcc -c -g -O2  conftest.c >&5
configure:4702: $? = 0
configure:4702: result: yes
configure:4702: checking for inttypes.h
configure:4702: gcc -c -g -O2  conftest.c >&5
configure:4702: $? = 0
configure:4702: result: yes
configure:4702: checking for stdint.h
configure:4702: gcc -c -g -O2  conftest.c >&5
configure:4702: $? = 0
configure:4702: result: yes
configure:4702: checking for unistd.h
configure:4702: gcc -c -g -O2  conftest.c >&5
configure:4702: $? = 0
configure:4702: result: yes
configure:4714: checking for stdbool.h that conforms to C99
configure:4781: gcc -c -g -O2  conftest.c >&5
configure:4781: $? = 0
configure:4788: result: yes
configure:4790: checking for _Bool
configure:4790: gcc -c -g -O2  conftest.c >&5
configure:4790: $? = 0
configure:4790: gcc -c -g -O2  conftest.c >&5
conftest.c: In function 'main':
conftest.c:57:20: error: expected expression before ')' token
 if (sizeof ((_Bool)))
                    ^
configure:4790: $? = 1
configure: failed program was:
| /* confdefs.h */
| #define PACKAGE_NAME "VOA"
| #define PACKAGE_TARNAME "voa"
| #define PACKAGE_VERSION "0.1"
| #define PACKAGE_STRING "VOA 0.1"
| #define PACKAGE_BUGREPORT "andytao@tencent.com"
| #define PACKAGE_URL ""
| #define PACKAGE "voa"
| #define VERSION "0.1"
| #define STDC_HEADERS 1
| #define HAVE_SYS_TYPES_H 1
| #define HAVE_SYS_STAT_H 1
| #define HAVE_STDLIB_H 1
| #define HAVE_STRING_H 1
| #define HAVE_MEMORY_H 1
| #define HAVE_STRINGS_H 1
| #define HAVE_INTTYPES_H 1
| #define HAVE_STDINT_H 1
| #define HAVE_UNISTD_H 1
| /* end confdefs.h.  */
| #include <stdio.h>
| #ifdef HAVE_SYS_TYPES_H
| # include <sys/types.h>
| #endif
| #ifdef HAVE_SYS_STAT_H
| # include <sys/stat.h>
| #endif
| #ifdef STDC_HEADERS
| # include <stdlib.h>
| # include <stddef.h>
| #else
| # ifdef HAVE_STDLIB_H
| #  include <stdlib.h>
| # endif
| #endif
| #ifdef HAVE_STRING_H
| # if !defined STDC_HEADERS && defined HAVE_MEMORY_H
| #  include <memory.h>
| # endif
| # include <string.h>
| #endif
| #ifdef HAVE_STRINGS_H
| # include <strings.h>
| #endif
| #ifdef HAVE_INTTYPES_H
| # include <inttypes.h>
| #endif
| #ifdef HAVE_STDINT_H
| # include <stdint.h>
| #endif
| #ifdef HAVE_UNISTD_H
| # include <unistd.h>
| #endif
| int
| main ()
| {
| if (sizeof ((_Bool)))
| 	    return 0;
|   ;
|   return 0;
| }
configure:4790: result: yes
configure:4801: checking for inline
configure:4817: gcc -c -g -O2  conftest.c >&5
configure:4817: $? = 0
configure:4825: result: inline
configure:4843: checking for size_t
configure:4843: gcc -c -g -O2  conftest.c >&5
configure:4843: $? = 0
configure:4843: gcc -c -g -O2  conftest.c >&5
conftest.c: In function 'main':
conftest.c:58:21: error: expected expression before ')' token
 if (sizeof ((size_t)))
                     ^
configure:4843: $? = 1
configure: failed program was:
| /* confdefs.h */
| #define PACKAGE_NAME "VOA"
| #define PACKAGE_TARNAME "voa"
| #define PACKAGE_VERSION "0.1"
| #define PACKAGE_STRING "VOA 0.1"
| #define PACKAGE_BUGREPORT "andytao@tencent.com"
| #define PACKAGE_URL ""
| #define PACKAGE "voa"
| #define VERSION "0.1"
| #define STDC_HEADERS 1
| #define HAVE_SYS_TYPES_H 1
| #define HAVE_SYS_STAT_H 1
| #define HAVE_STDLIB_H 1
| #define HAVE_STRING_H 1
| #define HAVE_MEMORY_H 1
| #define HAVE_STRINGS_H 1
| #define HAVE_INTTYPES_H 1
| #define HAVE_STDINT_H 1
| #define HAVE_UNISTD_H 1
| #define HAVE__BOOL 1
| /* end confdefs.h.  */
| #include <stdio.h>
| #ifdef HAVE_SYS_TYPES_H
| # include <sys/types.h>
| #endif
| #ifdef HAVE_SYS_STAT_H
| # include <sys/stat.h>
| #endif
| #ifdef STDC_HEADERS
| # include <stdlib.h>
| # include <stddef.h>
| #else
| # ifdef HAVE_STDLIB_H
| #  include <stdlib.h>
| # endif
| #endif
| #ifdef HAVE_STRING_H
| # if !defined STDC_HEADERS && defined HAVE_MEMORY_H
| #  include <memory.h>
| # endif
| # include <string.h>
| #endif
| #ifdef HAVE_STRINGS_H
| # include <strings.h>
| #endif
| #ifdef HAVE_INTTYPES_H
| # include <inttypes.h>
| #endif
| #ifdef HAVE_STDINT_H
| # include <stdint.h>
| #endif
| #ifdef HAVE_UNISTD_H
| # include <unistd.h>
| #endif
| int
| main ()
| {
| if (sizeof ((size_t)))
| 	    return 0;
|   ;
|   return 0;
| }
configure:4843: result: yes
configure:4966: checking that generated files are newer than configure
configure:4972: result: done
configure:4999: creating ./config.status

## ---------------------- ##
## Running config.status. ##
## ---------------------- ##

This file was extended by VOA config.status 0.1, which was
generated by GNU Autoconf 2.69.  Invocation command line was

  CONFIG_FILES    = 
  CONFIG_HEADERS  = 
  CONFIG_LINKS    = 
  CONFIG_COMMANDS = 
  $ ./config.status 

on VPC02

config.status:866: creating Makefile
config.status:866: creating config.h
config.status:1047: config.h is unchanged
config.status:1095: executing depfiles commands

## ---------------- ##
## Cache variables. ##
## ---------------- ##

ac_cv_c_compiler_gnu=yes
ac_cv_c_inline=inline
ac_cv_cxx_compiler_gnu=yes
ac_cv_env_CCC_set=
ac_cv_env_CCC_value=
ac_cv_env_CC_set=
ac_cv_env_CC_value=
ac_cv_env_CFLAGS_set=
ac_cv_env_CFLAGS_value=
ac_cv_env_CPPFLAGS_set=
ac_cv_env_CPPFLAGS_value=
ac_cv_env_CPP_set=
ac_cv_env_CPP_value=
ac_cv_env_CXXFLAGS_set=
ac_cv_env_CXXFLAGS_value=
ac_cv_env_CXX_set=
ac_cv_env_CXX_value=
ac_cv_env_LDFLAGS_set=
ac_cv_env_LDFLAGS_value=
ac_cv_env_LIBS_set=
ac_cv_env_LIBS_value=
ac_cv_env_PKG_CONFIG_LIBDIR_set=
ac_cv_env_PKG_CONFIG_LIBDIR_value=
ac_cv_env_PKG_CONFIG_PATH_set=set
ac_cv_env_PKG_CONFIG_PATH_value=/usr/share/pkgconfig:/usr/lib/pkgconfig:/usr/lib64/pkgconfig:/usr/local/lib/pkgconfig
ac_cv_env_PKG_CONFIG_set=
ac_cv_env_PKG_CONFIG_value=
ac_cv_env_build_alias_set=
ac_cv_env_build_alias_value=
ac_cv_env_gumbo_CFLAGS_set=
ac_cv_env_gumbo_CFLAGS_value=
ac_cv_env_gumbo_LIBS_set=
ac_cv_env_gumbo_LIBS_value=
ac_cv_env_host_alias_set=
ac_cv_env_host_alias_value=
ac_cv_env_libcurl_CFLAGS_set=
ac_cv_env_libcurl_CFLAGS_value=
ac_cv_env_libcurl_LIBS_set=
ac_cv_env_libcurl_LIBS_value=
ac_cv_env_target_alias_set=
ac_cv_env_target_alias_value=
ac_cv_header_inttypes_h=yes
ac_cv_header_memory_h=yes
ac_cv_header_stdbool_h=yes
ac_cv_header_stdc=yes
ac_cv_header_stdint_h=yes
ac_cv_header_stdlib_h=yes
ac_cv_header_string_h=yes
ac_cv_header_strings_h=yes
ac_cv_header_sys_stat_h=yes
ac_cv_header_sys_types_h=yes
ac_cv_header_unistd_h=yes
ac_cv_objext=o
ac_cv_path_EGREP='/usr/bin/grep -E'
ac_cv_path_GREP=/usr/bin/grep
ac_cv_path_ac_pt_PKG_CONFIG=/usr/bin/pkg-config
ac_cv_path_install='/usr/bin/install -c'
ac_cv_path_mkdir=/usr/bin/mkdir
ac_cv_prog_AWK=gawk
ac_cv_prog_CPP='gcc -E'
ac_cv_prog_ac_ct_CC=gcc
ac_cv_prog_ac_ct_CXX=g++
ac_cv_prog_cc_c89=
ac_cv_prog_cc_g=yes
ac_cv_prog_cxx_g=yes
ac_cv_prog_make_make_set=yes
ac_cv_type__Bool=yes
ac_cv_type_size_t=yes
am_cv_CC_dependencies_compiler_type=gcc3
am_cv_CXX_dependencies_compiler_type=gcc3
am_cv_make_support_nested_variables=yes
pkg_cv_gumbo_CFLAGS='-I/usr/local/include  '
pkg_cv_gumbo_LIBS='-L/usr/local/lib -lgumbo  '
pkg_cv_libcurl_CFLAGS=' '
pkg_cv_libcurl_LIBS='-lcurl  '

## ----------------- ##
## Output variables. ##
## ----------------- ##

ACLOCAL='${SHELL} /home/andytao/Codelabs/voa/missing aclocal-1.13'
AMDEPBACKSLASH='\'
AMDEP_FALSE='#'
AMDEP_TRUE=''
AMTAR='$${TAR-tar}'
AM_BACKSLASH='\'
AM_DEFAULT_V='$(AM_DEFAULT_VERBOSITY)'
AM_DEFAULT_VERBOSITY='1'
AM_V='$(V)'
AUTOCONF='${SHELL} /home/andytao/Codelabs/voa/missing autoconf'
AUTOHEADER='${SHELL} /home/andytao/Codelabs/voa/missing autoheader'
AUTOMAKE='${SHELL} /home/andytao/Codelabs/voa/missing automake-1.13'
AWK='gawk'
CC='gcc'
CCDEPMODE='depmode=gcc3'
CFLAGS='-g -O2'
CPP='gcc -E'
CPPFLAGS=''
CXX='g++'
CXXDEPMODE='depmode=gcc3'
CXXFLAGS='-g -O2'
CYGPATH_W='echo'
DEFS='-DHAVE_CONFIG_H'
DEPDIR='.deps'
ECHO_C=''
ECHO_N='-n'
ECHO_T=''
EGREP='/usr/bin/grep -E'
EXEEXT=''
GREP='/usr/bin/grep'
INSTALL_DATA='${INSTALL} -m 644'
INSTALL_PROGRAM='${INSTALL}'
INSTALL_SCRIPT='${INSTALL}'
INSTALL_STRIP_PROGRAM='$(install_sh) -c -s'
LDFLAGS=''
LIBOBJS=''
LIBS=''
LTLIBOBJS=''
MAKEINFO='${SHELL} /home/andytao/Codelabs/voa/missing makeinfo'
MKDIR_P='/usr/bin/mkdir -p'
OBJEXT='o'
PACKAGE='voa'
PACKAGE_BUGREPORT='andytao@tencent.com'
PACKAGE_NAME='VOA'
PACKAGE_STRING='VOA 0.1'
PACKAGE_TARNAME='voa'
PACKAGE_URL=''
PACKAGE_VERSION='0.1'
PATH_SEPARATOR=':'
PKG_CONFIG='/usr/bin/pkg-config'
PKG_CONFIG_LIBDIR=''
PKG_CONFIG_PATH='/usr/share/pkgconfig:/usr/lib/pkgconfig:/usr/lib64/pkgconfig:/usr/local/lib/pkgconfig'
SET_MAKE=''
SHELL='/bin/sh'
STRIP=''
VERSION='0.1'
ac_ct_CC='gcc'
ac_ct_CXX='g++'
am__EXEEXT_FALSE=''
am__EXEEXT_TRUE='#'
am__fastdepCC_FALSE='#'
am__fastdepCC_TRUE=''
am__fastdepCXX_FALSE='#'
am__fastdepCXX_TRUE=''
am__include='include'
am__isrc=''
am__leading_dot='.'
am__nodep='_no'
am__quote=''
am__tar='$${TAR-tar} chof - "$$tardir"'
am__untar='$${TAR-tar} xf -'
bindir='${exec_prefix}/bin'
build_alias=''
datadir='${datarootdir}'
datarootdir='${prefix}/share'
docdir='${datarootdir}/doc/${PACKAGE_TARNAME}'
dvidir='${docdir}'
exec_prefix='${prefix}'
gumbo_CFLAGS='-I/usr/local/include  '
gumbo_LIBS='-L/usr/local/lib -lgumbo  '
host_alias=''
htmldir='${docdir}'
includedir='${prefix}/include'
infodir='${datarootdir}/info'
install_sh='${SHELL} /home/andytao/Codelabs/voa/install-sh'
libcurl_CFLAGS=' '
libcurl_LIBS='-lcurl  '
libdir='${exec_prefix}/lib'
libexecdir='${exec_prefix}/libexec'
localedir='${datarootdir}/locale'
localstatedir='${prefix}/var'
mandir='${datarootdir}/man'
mkdir_p='$(MKDIR_P)'
oldincludedir='/usr/include'
pdfdir='${docdir}'
prefix='/usr/local'
program_transform_name='s,x,x,'
psdir='${docdir}'
sbindir='${exec_prefix}/sbin'
sharedstatedir='${prefix}/com'
sysconfdir='${prefix}/etc'
target_alias=''

## ----------- ##
## confdefs.h. ##
## ----------- ##

/* confdefs.h */
#define PACKAGE_NAME "VOA"
#define PACKAGE_TARNAME "voa"
#define PACKAGE_VERSION "0.1"
#define PACKAGE_STRING "VOA 0.1"
#define PACKAGE_BUGREPORT "andytao@tencent.com"
#define PACKAGE_URL ""
#define PACKAGE "voa"
#define VERSION "0.1"
#define STDC_HEADERS 1
#define HAVE_SYS_TYPES_H 1
#define HAVE_SYS_STAT_H 1
#define HAVE_STDLIB_H 1
#define HAVE_STRING_H 1
#define HAVE_MEMORY_H 1
#define HAVE_STRINGS_H 1
#define HAVE_INTTYPES_H 1
#define HAVE_STDINT_H 1
#define HAVE_UNISTD_H 1
#define HAVE__BOOL 1

configure: exit 0
